2020-08-19 15:40:49 INFO  ResrAssuredAPI:20 - ************TC007_JsonFilePayload execution started*********
2020-08-19 15:40:54 INFO  ResrAssuredAPI:59 - ************TC007_JsonFilePayload execution Completed successfully*********
2020-08-19 15:40:54 INFO  ResrAssuredAPI:15 - ************TC006_Authorization execution started*********
2020-08-19 15:40:56 INFO  ResrAssuredAPI:42 - ************TC006_Authorization execution Completed successfully*********
2020-08-19 15:40:56 INFO  ResrAssuredAPI:16 - ************TC005_ExtractValues execution started*********
2020-08-19 15:40:56 INFO  ResrAssuredAPI:34 - ************TC005_ExtractValues execution Completed successfully*********
2020-08-19 15:40:57 INFO  ResrAssuredAPI:17 - ************TC002_PostRequest execution started*********
2020-08-19 15:40:57 INFO  ResrAssuredAPI:49 - ************TC002_PostRequest execution completed successfully*********
2020-08-19 15:40:57 INFO  ResrAssuredAPI:16 - ************TC004_jsonresponse execution started*********
2020-08-19 15:40:58 INFO  ResrAssuredAPI:32 - ************TC004_jsonresponse execution Completed successfully*********
2020-08-19 15:40:58 INFO  ResrAssuredAPI:16 - ************TC001_GetRequest execution started*********
2020-08-19 15:40:58 INFO  ResrAssuredAPI:46 - ************TC001_GetRequest execution completed successfully*********
2020-08-19 15:40:58 INFO  ResrAssuredAPI:18 - ************TC003_HeaderResponse execution started*********
2020-08-19 15:40:58 INFO  ResrAssuredAPI:39 - ************TC003_HeaderResponse execution Complete successfully*********
2020-08-19 15:40:58 INFO  ResrAssuredAPI:24 - ************TC_DataDrivenAPI execution started*********
2020-08-19 15:40:58 INFO  ResrAssuredAPI:26 - Base URI declared
2020-08-19 15:40:58 INFO  ResrAssuredAPI:30 - Request Object declared
2020-08-19 15:41:00 INFO  ResrAssuredAPI:39 - Json request data added through excel
2020-08-19 15:41:00 INFO  ResrAssuredAPI:45 - Payload defined as JSON type body
2020-08-19 15:41:00 INFO  ResrAssuredAPI:49 - Post request send as response stored in Response object
2020-08-19 15:41:00 INFO  ResrAssuredAPI:55 - Validating the elements receied in response
2020-08-19 15:41:00 INFO  ResrAssuredAPI:63 - ************TC_DataDrivenAPI execution Completed successfully*********
2020-08-19 15:41:00 INFO  ResrAssuredAPI:39 - Json request data added through excel
2020-08-19 15:41:00 INFO  ResrAssuredAPI:45 - Payload defined as JSON type body
2020-08-19 15:41:00 INFO  ResrAssuredAPI:49 - Post request send as response stored in Response object
2020-08-19 15:41:01 INFO  ResrAssuredAPI:55 - Validating the elements receied in response
2020-08-19 15:41:01 INFO  ResrAssuredAPI:63 - ************TC_DataDrivenAPI execution Completed successfully*********
2020-08-19 15:41:01 INFO  ResrAssuredAPI:39 - Json request data added through excel
2020-08-19 15:41:01 INFO  ResrAssuredAPI:45 - Payload defined as JSON type body
2020-08-19 15:41:01 INFO  ResrAssuredAPI:49 - Post request send as response stored in Response object
2020-08-19 15:41:02 INFO  ResrAssuredAPI:55 - Validating the elements receied in response
2020-08-19 15:41:02 INFO  ResrAssuredAPI:63 - ************TC_DataDrivenAPI execution Completed successfully*********
2020-08-19 15:41:02 INFO  ResrAssuredAPI:39 - Json request data added through excel
2020-08-19 15:41:02 INFO  ResrAssuredAPI:45 - Payload defined as JSON type body
2020-08-19 15:41:02 INFO  ResrAssuredAPI:49 - Post request send as response stored in Response object
2020-08-19 15:41:03 INFO  ResrAssuredAPI:55 - Validating the elements receied in response
2020-08-19 15:41:03 INFO  ResrAssuredAPI:63 - ************TC_DataDrivenAPI execution Completed successfully*********
2020-08-19 15:41:03 INFO  ResrAssuredAPI:39 - Json request data added through excel
2020-08-19 15:41:03 INFO  ResrAssuredAPI:45 - Payload defined as JSON type body
2020-08-19 15:41:03 INFO  ResrAssuredAPI:49 - Post request send as response stored in Response object
2020-08-19 15:41:03 INFO  ResrAssuredAPI:55 - Validating the elements receied in response
2020-08-19 15:41:03 INFO  ResrAssuredAPI:63 - ************TC_DataDrivenAPI execution Completed successfully*********
2020-08-19 16:26:22 INFO  ResrAssuredAPI:20 - ************TC007_JsonFilePayload execution started*********
2020-08-19 16:26:30 INFO  ResrAssuredAPI:59 - ************TC007_JsonFilePayload execution Completed successfully*********
2020-08-19 16:26:30 INFO  ResrAssuredAPI:15 - ************TC006_Authorization execution started*********
2020-08-19 16:27:05 INFO  ResrAssuredAPI:42 - ************TC006_Authorization execution Completed successfully*********
2020-08-19 16:27:05 INFO  ResrAssuredAPI:16 - ************TC005_ExtractValues execution started*********
2020-08-19 16:27:06 INFO  ResrAssuredAPI:34 - ************TC005_ExtractValues execution Completed successfully*********
2020-08-19 16:27:06 INFO  ResrAssuredAPI:17 - ************TC002_PostRequest execution started*********
2020-08-19 16:27:06 INFO  ResrAssuredAPI:49 - ************TC002_PostRequest execution completed successfully*********
2020-08-19 16:27:06 INFO  ResrAssuredAPI:16 - ************TC004_jsonresponse execution started*********
2020-08-19 16:27:07 INFO  ResrAssuredAPI:32 - ************TC004_jsonresponse execution Completed successfully*********
2020-08-19 16:27:07 INFO  ResrAssuredAPI:16 - ************TC001_GetRequest execution started*********
2020-08-19 16:27:07 INFO  ResrAssuredAPI:46 - ************TC001_GetRequest execution completed successfully*********
2020-08-19 16:27:07 INFO  ResrAssuredAPI:18 - ************TC003_HeaderResponse execution started*********
2020-08-19 16:27:08 INFO  ResrAssuredAPI:39 - ************TC003_HeaderResponse execution Complete successfully*********
2020-08-19 16:27:08 INFO  ResrAssuredAPI:24 - ************TC_DataDrivenAPI execution started*********
2020-08-19 16:27:08 INFO  ResrAssuredAPI:26 - Base URI declared
2020-08-19 16:27:08 INFO  ResrAssuredAPI:30 - Request Object declared
2020-08-19 16:27:12 INFO  ResrAssuredAPI:39 - Json request data added through excel
2020-08-19 16:27:12 INFO  ResrAssuredAPI:45 - Payload defined as JSON type body
2020-08-19 16:27:12 INFO  ResrAssuredAPI:49 - Post request send as response stored in Response object
2020-08-19 16:27:13 INFO  ResrAssuredAPI:55 - Validating the elements receied in response
2020-08-19 16:27:13 INFO  ResrAssuredAPI:63 - ************TC_DataDrivenAPI execution Completed successfully*********
2020-08-19 16:27:13 INFO  ResrAssuredAPI:39 - Json request data added through excel
2020-08-19 16:27:13 INFO  ResrAssuredAPI:45 - Payload defined as JSON type body
2020-08-19 16:27:13 INFO  ResrAssuredAPI:49 - Post request send as response stored in Response object
2020-08-19 16:27:14 INFO  ResrAssuredAPI:55 - Validating the elements receied in response
2020-08-19 16:27:14 INFO  ResrAssuredAPI:63 - ************TC_DataDrivenAPI execution Completed successfully*********
2020-08-19 16:27:14 INFO  ResrAssuredAPI:39 - Json request data added through excel
2020-08-19 16:27:14 INFO  ResrAssuredAPI:45 - Payload defined as JSON type body
2020-08-19 16:27:14 INFO  ResrAssuredAPI:49 - Post request send as response stored in Response object
2020-08-19 16:27:15 INFO  ResrAssuredAPI:55 - Validating the elements receied in response
2020-08-19 16:27:15 INFO  ResrAssuredAPI:63 - ************TC_DataDrivenAPI execution Completed successfully*********
2020-08-19 16:27:15 INFO  ResrAssuredAPI:39 - Json request data added through excel
2020-08-19 16:27:15 INFO  ResrAssuredAPI:45 - Payload defined as JSON type body
2020-08-19 16:27:15 INFO  ResrAssuredAPI:49 - Post request send as response stored in Response object
2020-08-19 16:27:16 INFO  ResrAssuredAPI:55 - Validating the elements receied in response
2020-08-19 16:27:16 INFO  ResrAssuredAPI:63 - ************TC_DataDrivenAPI execution Completed successfully*********
2020-08-19 16:27:16 INFO  ResrAssuredAPI:39 - Json request data added through excel
2020-08-19 16:27:16 INFO  ResrAssuredAPI:45 - Payload defined as JSON type body
2020-08-19 16:27:16 INFO  ResrAssuredAPI:49 - Post request send as response stored in Response object
2020-08-19 16:27:17 INFO  ResrAssuredAPI:55 - Validating the elements receied in response
2020-08-19 16:27:17 INFO  ResrAssuredAPI:63 - ************TC_DataDrivenAPI execution Completed successfully*********
2020-08-19 16:29:50 INFO  ResrAssuredAPI:20 - ************TC007_JsonFilePayload execution started*********
2020-08-19 16:30:01 INFO  ResrAssuredAPI:59 - ************TC007_JsonFilePayload execution Completed successfully*********
2020-08-19 16:30:01 INFO  ResrAssuredAPI:15 - ************TC006_Authorization execution started*********
2020-08-19 16:30:03 INFO  ResrAssuredAPI:42 - ************TC006_Authorization execution Completed successfully*********
2020-08-19 16:30:03 INFO  ResrAssuredAPI:16 - ************TC005_ExtractValues execution started*********
2020-08-19 16:30:04 INFO  ResrAssuredAPI:34 - ************TC005_ExtractValues execution Completed successfully*********
2020-08-19 16:30:04 INFO  ResrAssuredAPI:17 - ************TC002_PostRequest execution started*********
2020-08-19 16:30:05 INFO  ResrAssuredAPI:49 - ************TC002_PostRequest execution completed successfully*********
2020-08-19 16:30:05 INFO  ResrAssuredAPI:16 - ************TC004_jsonresponse execution started*********
2020-08-19 16:30:05 INFO  ResrAssuredAPI:32 - ************TC004_jsonresponse execution Completed successfully*********
2020-08-19 16:30:05 INFO  ResrAssuredAPI:16 - ************TC001_GetRequest execution started*********
2020-08-19 16:30:06 INFO  ResrAssuredAPI:46 - ************TC001_GetRequest execution completed successfully*********
2020-08-19 16:30:06 INFO  ResrAssuredAPI:18 - ************TC003_HeaderResponse execution started*********
2020-08-19 16:30:06 INFO  ResrAssuredAPI:39 - ************TC003_HeaderResponse execution Complete successfully*********
2020-08-19 16:30:06 INFO  ResrAssuredAPI:24 - ************TC_DataDrivenAPI execution started*********
2020-08-19 16:30:06 INFO  ResrAssuredAPI:26 - Base URI declared
2020-08-19 16:30:06 INFO  ResrAssuredAPI:30 - Request Object declared
2020-08-19 16:30:11 INFO  ResrAssuredAPI:39 - Json request data added through excel
2020-08-19 16:30:11 INFO  ResrAssuredAPI:45 - Payload defined as JSON type body
2020-08-19 16:30:11 INFO  ResrAssuredAPI:49 - Post request send as response stored in Response object
2020-08-19 16:30:12 INFO  ResrAssuredAPI:55 - Validating the elements receied in response
2020-08-19 16:30:12 INFO  ResrAssuredAPI:63 - ************TC_DataDrivenAPI execution Completed successfully*********
2020-08-19 16:30:12 INFO  ResrAssuredAPI:39 - Json request data added through excel
2020-08-19 16:30:12 INFO  ResrAssuredAPI:45 - Payload defined as JSON type body
2020-08-19 16:30:12 INFO  ResrAssuredAPI:49 - Post request send as response stored in Response object
2020-08-19 16:30:13 INFO  ResrAssuredAPI:55 - Validating the elements receied in response
2020-08-19 16:30:13 INFO  ResrAssuredAPI:63 - ************TC_DataDrivenAPI execution Completed successfully*********
2020-08-19 16:30:13 INFO  ResrAssuredAPI:39 - Json request data added through excel
2020-08-19 16:30:13 INFO  ResrAssuredAPI:45 - Payload defined as JSON type body
2020-08-19 16:30:13 INFO  ResrAssuredAPI:49 - Post request send as response stored in Response object
2020-08-19 16:30:13 INFO  ResrAssuredAPI:55 - Validating the elements receied in response
2020-08-19 16:30:13 INFO  ResrAssuredAPI:63 - ************TC_DataDrivenAPI execution Completed successfully*********
2020-08-19 16:30:13 INFO  ResrAssuredAPI:39 - Json request data added through excel
2020-08-19 16:30:13 INFO  ResrAssuredAPI:45 - Payload defined as JSON type body
2020-08-19 16:30:13 INFO  ResrAssuredAPI:49 - Post request send as response stored in Response object
2020-08-19 16:30:14 INFO  ResrAssuredAPI:55 - Validating the elements receied in response
2020-08-19 16:30:14 INFO  ResrAssuredAPI:63 - ************TC_DataDrivenAPI execution Completed successfully*********
2020-08-19 16:30:14 INFO  ResrAssuredAPI:39 - Json request data added through excel
2020-08-19 16:30:14 INFO  ResrAssuredAPI:45 - Payload defined as JSON type body
2020-08-19 16:30:14 INFO  ResrAssuredAPI:49 - Post request send as response stored in Response object
2020-08-19 16:30:15 INFO  ResrAssuredAPI:55 - Validating the elements receied in response
2020-08-19 16:30:15 INFO  ResrAssuredAPI:63 - ************TC_DataDrivenAPI execution Completed successfully*********
2020-08-19 16:37:13 INFO  ResrAssuredAPI:20 - ************TC007_JsonFilePayload execution started*********
2020-08-19 16:37:20 INFO  ResrAssuredAPI:59 - ************TC007_JsonFilePayload execution Completed successfully*********
2020-08-19 16:37:20 INFO  ResrAssuredAPI:15 - ************TC006_Authorization execution started*********
2020-08-19 16:37:30 INFO  ResrAssuredAPI:42 - ************TC006_Authorization execution Completed successfully*********
2020-08-19 16:37:30 INFO  ResrAssuredAPI:16 - ************TC005_ExtractValues execution started*********
2020-08-19 16:37:30 INFO  ResrAssuredAPI:34 - ************TC005_ExtractValues execution Completed successfully*********
2020-08-19 16:37:30 INFO  ResrAssuredAPI:17 - ************TC002_PostRequest execution started*********
2020-08-19 16:37:31 INFO  ResrAssuredAPI:49 - ************TC002_PostRequest execution completed successfully*********
2020-08-19 16:37:31 INFO  ResrAssuredAPI:16 - ************TC004_jsonresponse execution started*********
2020-08-19 16:37:31 INFO  ResrAssuredAPI:32 - ************TC004_jsonresponse execution Completed successfully*********
2020-08-19 16:37:31 INFO  ResrAssuredAPI:16 - ************TC001_GetRequest execution started*********
2020-08-19 16:37:32 INFO  ResrAssuredAPI:46 - ************TC001_GetRequest execution completed successfully*********
2020-08-19 16:37:32 INFO  ResrAssuredAPI:18 - ************TC003_HeaderResponse execution started*********
2020-08-19 16:37:32 INFO  ResrAssuredAPI:39 - ************TC003_HeaderResponse execution Complete successfully*********
2020-08-19 16:37:32 INFO  ResrAssuredAPI:24 - ************TC_DataDrivenAPI execution started*********
2020-08-19 16:37:32 INFO  ResrAssuredAPI:26 - Base URI declared
2020-08-19 16:37:32 INFO  ResrAssuredAPI:30 - Request Object declared
2020-08-19 16:37:34 INFO  ResrAssuredAPI:39 - Json request data added through excel
2020-08-19 16:37:34 INFO  ResrAssuredAPI:45 - Payload defined as JSON type body
2020-08-19 16:37:34 INFO  ResrAssuredAPI:49 - Post request send as response stored in Response object
2020-08-19 16:37:35 INFO  ResrAssuredAPI:55 - Validating the elements receied in response
2020-08-19 16:37:35 INFO  ResrAssuredAPI:63 - ************TC_DataDrivenAPI execution Completed successfully*********
2020-08-19 16:37:35 INFO  ResrAssuredAPI:39 - Json request data added through excel
2020-08-19 16:37:35 INFO  ResrAssuredAPI:45 - Payload defined as JSON type body
2020-08-19 16:37:35 INFO  ResrAssuredAPI:49 - Post request send as response stored in Response object
2020-08-19 16:37:35 INFO  ResrAssuredAPI:55 - Validating the elements receied in response
2020-08-19 16:37:35 INFO  ResrAssuredAPI:63 - ************TC_DataDrivenAPI execution Completed successfully*********
2020-08-19 16:37:35 INFO  ResrAssuredAPI:39 - Json request data added through excel
2020-08-19 16:37:35 INFO  ResrAssuredAPI:45 - Payload defined as JSON type body
2020-08-19 16:37:35 INFO  ResrAssuredAPI:49 - Post request send as response stored in Response object
2020-08-19 16:37:36 INFO  ResrAssuredAPI:55 - Validating the elements receied in response
2020-08-19 16:37:36 INFO  ResrAssuredAPI:63 - ************TC_DataDrivenAPI execution Completed successfully*********
2020-08-19 16:37:36 INFO  ResrAssuredAPI:39 - Json request data added through excel
2020-08-19 16:37:36 INFO  ResrAssuredAPI:45 - Payload defined as JSON type body
2020-08-19 16:37:36 INFO  ResrAssuredAPI:49 - Post request send as response stored in Response object
2020-08-19 16:37:37 INFO  ResrAssuredAPI:55 - Validating the elements receied in response
2020-08-19 16:37:37 INFO  ResrAssuredAPI:63 - ************TC_DataDrivenAPI execution Completed successfully*********
2020-08-19 16:37:37 INFO  ResrAssuredAPI:39 - Json request data added through excel
2020-08-19 16:37:37 INFO  ResrAssuredAPI:45 - Payload defined as JSON type body
2020-08-19 16:37:37 INFO  ResrAssuredAPI:49 - Post request send as response stored in Response object
2020-08-19 16:37:38 INFO  ResrAssuredAPI:55 - Validating the elements receied in response
2020-08-19 16:37:38 INFO  ResrAssuredAPI:63 - ************TC_DataDrivenAPI execution Completed successfully*********
2020-08-19 16:38:34 INFO  ResrAssuredAPI:20 - ************TC007_JsonFilePayload execution started*********
2020-08-19 16:38:39 INFO  ResrAssuredAPI:59 - ************TC007_JsonFilePayload execution Completed successfully*********
2020-08-19 16:38:39 INFO  ResrAssuredAPI:15 - ************TC006_Authorization execution started*********
2020-08-19 16:38:43 INFO  ResrAssuredAPI:42 - ************TC006_Authorization execution Completed successfully*********
2020-08-19 16:38:43 INFO  ResrAssuredAPI:16 - ************TC005_ExtractValues execution started*********
2020-08-19 16:38:43 INFO  ResrAssuredAPI:34 - ************TC005_ExtractValues execution Completed successfully*********
2020-08-19 16:38:43 INFO  ResrAssuredAPI:17 - ************TC002_PostRequest execution started*********
2020-08-19 16:38:44 INFO  ResrAssuredAPI:49 - ************TC002_PostRequest execution completed successfully*********
2020-08-19 16:38:44 INFO  ResrAssuredAPI:16 - ************TC004_jsonresponse execution started*********
2020-08-19 16:38:45 INFO  ResrAssuredAPI:32 - ************TC004_jsonresponse execution Completed successfully*********
2020-08-19 16:38:45 INFO  ResrAssuredAPI:16 - ************TC001_GetRequest execution started*********
2020-08-19 16:38:45 INFO  ResrAssuredAPI:46 - ************TC001_GetRequest execution completed successfully*********
2020-08-19 16:38:45 INFO  ResrAssuredAPI:18 - ************TC003_HeaderResponse execution started*********
2020-08-19 16:38:46 INFO  ResrAssuredAPI:39 - ************TC003_HeaderResponse execution Complete successfully*********
2020-08-19 16:38:46 INFO  ResrAssuredAPI:24 - ************TC_DataDrivenAPI execution started*********
2020-08-19 16:38:46 INFO  ResrAssuredAPI:26 - Base URI declared
2020-08-19 16:38:46 INFO  ResrAssuredAPI:30 - Request Object declared
2020-08-19 16:38:47 INFO  ResrAssuredAPI:39 - Json request data added through excel
2020-08-19 16:38:47 INFO  ResrAssuredAPI:45 - Payload defined as JSON type body
2020-08-19 16:38:47 INFO  ResrAssuredAPI:49 - Post request send as response stored in Response object
2020-08-19 16:38:48 INFO  ResrAssuredAPI:55 - Validating the elements receied in response
2020-08-19 16:38:48 INFO  ResrAssuredAPI:63 - ************TC_DataDrivenAPI execution Completed successfully*********
2020-08-19 16:38:48 INFO  ResrAssuredAPI:39 - Json request data added through excel
2020-08-19 16:38:48 INFO  ResrAssuredAPI:45 - Payload defined as JSON type body
2020-08-19 16:38:48 INFO  ResrAssuredAPI:49 - Post request send as response stored in Response object
2020-08-19 16:38:49 INFO  ResrAssuredAPI:55 - Validating the elements receied in response
2020-08-19 16:38:49 INFO  ResrAssuredAPI:63 - ************TC_DataDrivenAPI execution Completed successfully*********
2020-08-19 16:38:49 INFO  ResrAssuredAPI:39 - Json request data added through excel
2020-08-19 16:38:49 INFO  ResrAssuredAPI:45 - Payload defined as JSON type body
2020-08-19 16:38:49 INFO  ResrAssuredAPI:49 - Post request send as response stored in Response object
2020-08-19 16:38:49 INFO  ResrAssuredAPI:55 - Validating the elements receied in response
2020-08-19 16:38:49 INFO  ResrAssuredAPI:63 - ************TC_DataDrivenAPI execution Completed successfully*********
2020-08-19 16:38:49 INFO  ResrAssuredAPI:39 - Json request data added through excel
2020-08-19 16:38:49 INFO  ResrAssuredAPI:45 - Payload defined as JSON type body
2020-08-19 16:38:49 INFO  ResrAssuredAPI:49 - Post request send as response stored in Response object
2020-08-19 16:38:50 INFO  ResrAssuredAPI:55 - Validating the elements receied in response
2020-08-19 16:38:50 INFO  ResrAssuredAPI:63 - ************TC_DataDrivenAPI execution Completed successfully*********
2020-08-19 16:38:50 INFO  ResrAssuredAPI:39 - Json request data added through excel
2020-08-19 16:38:50 INFO  ResrAssuredAPI:45 - Payload defined as JSON type body
2020-08-19 16:38:50 INFO  ResrAssuredAPI:49 - Post request send as response stored in Response object
2020-08-19 16:38:51 INFO  ResrAssuredAPI:55 - Validating the elements receied in response
2020-08-19 16:38:51 INFO  ResrAssuredAPI:63 - ************TC_DataDrivenAPI execution Completed successfully*********
2020-08-19 16:46:16 INFO  ResrAssuredAPI:20 - ************TC007_JsonFilePayload execution started*********
2020-08-19 16:46:20 INFO  ResrAssuredAPI:15 - ************TC006_Authorization execution started*********
2020-08-19 16:46:33 INFO  ResrAssuredAPI:42 - ************TC006_Authorization execution Completed successfully*********
2020-08-19 16:46:33 INFO  ResrAssuredAPI:16 - ************TC005_ExtractValues execution started*********
2020-08-19 16:46:35 INFO  ResrAssuredAPI:34 - ************TC005_ExtractValues execution Completed successfully*********
2020-08-19 16:46:35 INFO  ResrAssuredAPI:17 - ************TC002_PostRequest execution started*********
2020-08-19 16:46:36 INFO  ResrAssuredAPI:49 - ************TC002_PostRequest execution completed successfully*********
2020-08-19 16:46:36 INFO  ResrAssuredAPI:16 - ************TC004_jsonresponse execution started*********
2020-08-19 16:46:36 INFO  ResrAssuredAPI:32 - ************TC004_jsonresponse execution Completed successfully*********
2020-08-19 16:46:36 INFO  ResrAssuredAPI:16 - ************TC001_GetRequest execution started*********
2020-08-19 16:46:37 INFO  ResrAssuredAPI:46 - ************TC001_GetRequest execution completed successfully*********
2020-08-19 16:46:37 INFO  ResrAssuredAPI:18 - ************TC003_HeaderResponse execution started*********
2020-08-19 16:46:37 INFO  ResrAssuredAPI:39 - ************TC003_HeaderResponse execution Complete successfully*********
2020-08-19 16:46:37 INFO  ResrAssuredAPI:24 - ************TC_DataDrivenAPI execution started*********
2020-08-19 16:46:37 INFO  ResrAssuredAPI:26 - Base URI declared
2020-08-19 16:46:37 INFO  ResrAssuredAPI:30 - Request Object declared
2020-08-19 16:46:38 INFO  ResrAssuredAPI:39 - Json request data added through excel
2020-08-19 16:46:38 INFO  ResrAssuredAPI:45 - Payload defined as JSON type body
2020-08-19 16:46:38 INFO  ResrAssuredAPI:49 - Post request send as response stored in Response object
2020-08-19 16:46:39 INFO  ResrAssuredAPI:55 - Validating the elements receied in response
2020-08-19 16:46:39 INFO  ResrAssuredAPI:63 - ************TC_DataDrivenAPI execution Completed successfully*********
2020-08-19 16:46:39 INFO  ResrAssuredAPI:39 - Json request data added through excel
2020-08-19 16:46:39 INFO  ResrAssuredAPI:45 - Payload defined as JSON type body
2020-08-19 16:46:39 INFO  ResrAssuredAPI:49 - Post request send as response stored in Response object
2020-08-19 16:46:40 INFO  ResrAssuredAPI:55 - Validating the elements receied in response
2020-08-19 16:46:40 INFO  ResrAssuredAPI:63 - ************TC_DataDrivenAPI execution Completed successfully*********
2020-08-19 16:46:40 INFO  ResrAssuredAPI:39 - Json request data added through excel
2020-08-19 16:46:40 INFO  ResrAssuredAPI:45 - Payload defined as JSON type body
2020-08-19 16:46:40 INFO  ResrAssuredAPI:49 - Post request send as response stored in Response object
2020-08-19 16:46:41 INFO  ResrAssuredAPI:55 - Validating the elements receied in response
2020-08-19 16:46:41 INFO  ResrAssuredAPI:63 - ************TC_DataDrivenAPI execution Completed successfully*********
2020-08-19 16:46:41 INFO  ResrAssuredAPI:39 - Json request data added through excel
2020-08-19 16:46:41 INFO  ResrAssuredAPI:45 - Payload defined as JSON type body
2020-08-19 16:46:41 INFO  ResrAssuredAPI:49 - Post request send as response stored in Response object
2020-08-19 16:46:41 INFO  ResrAssuredAPI:55 - Validating the elements receied in response
2020-08-19 16:46:41 INFO  ResrAssuredAPI:63 - ************TC_DataDrivenAPI execution Completed successfully*********
2020-08-19 16:46:41 INFO  ResrAssuredAPI:39 - Json request data added through excel
2020-08-19 16:46:41 INFO  ResrAssuredAPI:45 - Payload defined as JSON type body
2020-08-19 16:46:41 INFO  ResrAssuredAPI:49 - Post request send as response stored in Response object
2020-08-19 16:46:42 INFO  ResrAssuredAPI:55 - Validating the elements receied in response
2020-08-19 16:46:42 INFO  ResrAssuredAPI:63 - ************TC_DataDrivenAPI execution Completed successfully*********
2020-08-19 16:48:07 INFO  ResrAssuredAPI:20 - ************TC007_JsonFilePayload execution started*********
2020-08-19 16:48:12 INFO  ResrAssuredAPI:59 - ************TC007_JsonFilePayload execution Completed successfully*********
2020-08-19 16:48:12 INFO  ResrAssuredAPI:15 - ************TC006_Authorization execution started*********
2020-08-19 16:48:33 INFO  ResrAssuredAPI:16 - ************TC005_ExtractValues execution started*********
2020-08-19 16:48:34 INFO  ResrAssuredAPI:34 - ************TC005_ExtractValues execution Completed successfully*********
2020-08-19 16:48:34 INFO  ResrAssuredAPI:17 - ************TC002_PostRequest execution started*********
2020-08-19 16:48:35 INFO  ResrAssuredAPI:49 - ************TC002_PostRequest execution completed successfully*********
2020-08-19 16:48:35 INFO  ResrAssuredAPI:16 - ************TC004_jsonresponse execution started*********
2020-08-19 16:48:35 INFO  ResrAssuredAPI:32 - ************TC004_jsonresponse execution Completed successfully*********
2020-08-19 16:48:35 INFO  ResrAssuredAPI:16 - ************TC001_GetRequest execution started*********
2020-08-19 16:48:35 INFO  ResrAssuredAPI:46 - ************TC001_GetRequest execution completed successfully*********
2020-08-19 16:48:35 INFO  ResrAssuredAPI:18 - ************TC003_HeaderResponse execution started*********
2020-08-19 16:48:36 INFO  ResrAssuredAPI:39 - ************TC003_HeaderResponse execution Complete successfully*********
2020-08-19 16:48:36 INFO  ResrAssuredAPI:24 - ************TC_DataDrivenAPI execution started*********
2020-08-19 16:48:36 INFO  ResrAssuredAPI:26 - Base URI declared
2020-08-19 16:48:36 INFO  ResrAssuredAPI:30 - Request Object declared
2020-08-19 16:48:37 INFO  ResrAssuredAPI:39 - Json request data added through excel
2020-08-19 16:48:37 INFO  ResrAssuredAPI:45 - Payload defined as JSON type body
2020-08-19 16:48:37 INFO  ResrAssuredAPI:49 - Post request send as response stored in Response object
2020-08-19 16:48:38 INFO  ResrAssuredAPI:55 - Validating the elements receied in response
2020-08-19 16:48:38 INFO  ResrAssuredAPI:63 - ************TC_DataDrivenAPI execution Completed successfully*********
2020-08-19 16:48:38 INFO  ResrAssuredAPI:39 - Json request data added through excel
2020-08-19 16:48:38 INFO  ResrAssuredAPI:45 - Payload defined as JSON type body
2020-08-19 16:48:38 INFO  ResrAssuredAPI:49 - Post request send as response stored in Response object
2020-08-19 16:48:39 INFO  ResrAssuredAPI:55 - Validating the elements receied in response
2020-08-19 16:48:39 INFO  ResrAssuredAPI:63 - ************TC_DataDrivenAPI execution Completed successfully*********
2020-08-19 16:48:39 INFO  ResrAssuredAPI:39 - Json request data added through excel
2020-08-19 16:48:39 INFO  ResrAssuredAPI:45 - Payload defined as JSON type body
2020-08-19 16:48:39 INFO  ResrAssuredAPI:49 - Post request send as response stored in Response object
2020-08-19 16:48:39 INFO  ResrAssuredAPI:55 - Validating the elements receied in response
2020-08-19 16:48:39 INFO  ResrAssuredAPI:63 - ************TC_DataDrivenAPI execution Completed successfully*********
2020-08-19 16:48:39 INFO  ResrAssuredAPI:39 - Json request data added through excel
2020-08-19 16:48:39 INFO  ResrAssuredAPI:45 - Payload defined as JSON type body
2020-08-19 16:48:39 INFO  ResrAssuredAPI:49 - Post request send as response stored in Response object
2020-08-19 16:48:40 INFO  ResrAssuredAPI:55 - Validating the elements receied in response
2020-08-19 16:48:40 INFO  ResrAssuredAPI:63 - ************TC_DataDrivenAPI execution Completed successfully*********
2020-08-19 16:48:40 INFO  ResrAssuredAPI:39 - Json request data added through excel
2020-08-19 16:48:40 INFO  ResrAssuredAPI:45 - Payload defined as JSON type body
2020-08-19 16:48:40 INFO  ResrAssuredAPI:49 - Post request send as response stored in Response object
2020-08-19 16:48:41 INFO  ResrAssuredAPI:55 - Validating the elements receied in response
2020-08-19 16:48:41 INFO  ResrAssuredAPI:63 - ************TC_DataDrivenAPI execution Completed successfully*********
2020-08-19 16:52:56 INFO  ResrAssuredAPI:20 - ************TC007_JsonFilePayload execution started*********
2020-08-19 16:53:02 INFO  ResrAssuredAPI:59 - ************TC007_JsonFilePayload execution Completed successfully*********
2020-08-19 16:53:02 INFO  ResrAssuredAPI:15 - ************TC006_Authorization execution started*********
2020-08-19 16:54:05 INFO  ResrAssuredAPI:42 - ************TC006_Authorization execution Completed successfully*********
2020-08-19 16:54:05 INFO  ResrAssuredAPI:16 - ************TC005_ExtractValues execution started*********
2020-08-19 16:54:06 INFO  ResrAssuredAPI:34 - ************TC005_ExtractValues execution Completed successfully*********
2020-08-19 16:54:06 INFO  ResrAssuredAPI:17 - ************TC002_PostRequest execution started*********
2020-08-19 16:54:06 INFO  ResrAssuredAPI:49 - ************TC002_PostRequest execution completed successfully*********
2020-08-19 16:54:06 INFO  ResrAssuredAPI:16 - ************TC004_jsonresponse execution started*********
2020-08-19 16:54:07 INFO  ResrAssuredAPI:32 - ************TC004_jsonresponse execution Completed successfully*********
2020-08-19 16:54:07 INFO  ResrAssuredAPI:16 - ************TC001_GetRequest execution started*********
2020-08-19 16:54:07 INFO  ResrAssuredAPI:46 - ************TC001_GetRequest execution completed successfully*********
2020-08-19 16:54:07 INFO  ResrAssuredAPI:18 - ************TC003_HeaderResponse execution started*********
2020-08-19 16:54:07 INFO  ResrAssuredAPI:39 - ************TC003_HeaderResponse execution Complete successfully*********
2020-08-19 16:54:07 INFO  ResrAssuredAPI:24 - ************TC_DataDrivenAPI execution started*********
2020-08-19 16:54:07 INFO  ResrAssuredAPI:26 - Base URI declared
2020-08-19 16:54:07 INFO  ResrAssuredAPI:30 - Request Object declared
2020-08-19 16:54:09 INFO  ResrAssuredAPI:39 - Json request data added through excel
2020-08-19 16:54:09 INFO  ResrAssuredAPI:45 - Payload defined as JSON type body
2020-08-19 16:54:09 INFO  ResrAssuredAPI:49 - Post request send as response stored in Response object
2020-08-19 16:54:09 INFO  ResrAssuredAPI:55 - Validating the elements receied in response
2020-08-19 16:54:09 INFO  ResrAssuredAPI:63 - ************TC_DataDrivenAPI execution Completed successfully*********
2020-08-19 16:54:09 INFO  ResrAssuredAPI:39 - Json request data added through excel
2020-08-19 16:54:09 INFO  ResrAssuredAPI:45 - Payload defined as JSON type body
2020-08-19 16:54:09 INFO  ResrAssuredAPI:49 - Post request send as response stored in Response object
2020-08-19 16:54:10 INFO  ResrAssuredAPI:55 - Validating the elements receied in response
2020-08-19 16:54:10 INFO  ResrAssuredAPI:63 - ************TC_DataDrivenAPI execution Completed successfully*********
2020-08-19 16:54:10 INFO  ResrAssuredAPI:39 - Json request data added through excel
2020-08-19 16:54:10 INFO  ResrAssuredAPI:45 - Payload defined as JSON type body
2020-08-19 16:54:10 INFO  ResrAssuredAPI:49 - Post request send as response stored in Response object
2020-08-19 16:54:15 INFO  ResrAssuredAPI:55 - Validating the elements receied in response
2020-08-19 16:54:15 INFO  ResrAssuredAPI:63 - ************TC_DataDrivenAPI execution Completed successfully*********
2020-08-19 16:54:15 INFO  ResrAssuredAPI:39 - Json request data added through excel
2020-08-19 16:54:15 INFO  ResrAssuredAPI:45 - Payload defined as JSON type body
2020-08-19 16:54:15 INFO  ResrAssuredAPI:49 - Post request send as response stored in Response object
2020-08-19 16:54:15 INFO  ResrAssuredAPI:55 - Validating the elements receied in response
2020-08-19 16:54:15 INFO  ResrAssuredAPI:63 - ************TC_DataDrivenAPI execution Completed successfully*********
2020-08-19 16:54:15 INFO  ResrAssuredAPI:39 - Json request data added through excel
2020-08-19 16:54:15 INFO  ResrAssuredAPI:45 - Payload defined as JSON type body
2020-08-19 16:54:15 INFO  ResrAssuredAPI:49 - Post request send as response stored in Response object
2020-08-19 16:54:20 INFO  ResrAssuredAPI:55 - Validating the elements receied in response
2020-08-19 16:54:20 INFO  ResrAssuredAPI:63 - ************TC_DataDrivenAPI execution Completed successfully*********
2020-08-19 16:55:43 INFO  ResrAssuredAPI:20 - ************TC007_JsonFilePayload execution started*********
2020-08-19 16:55:48 INFO  ResrAssuredAPI:59 - ************TC007_JsonFilePayload execution Completed successfully*********
2020-08-19 16:55:48 INFO  ResrAssuredAPI:15 - ************TC006_Authorization execution started*********
2020-08-19 16:55:50 INFO  ResrAssuredAPI:42 - ************TC006_Authorization execution Completed successfully*********
2020-08-19 16:55:50 INFO  ResrAssuredAPI:16 - ************TC005_ExtractValues execution started*********
2020-08-19 16:55:51 INFO  ResrAssuredAPI:34 - ************TC005_ExtractValues execution Completed successfully*********
2020-08-19 16:55:51 INFO  ResrAssuredAPI:17 - ************TC002_PostRequest execution started*********
2020-08-19 16:55:52 INFO  ResrAssuredAPI:49 - ************TC002_PostRequest execution completed successfully*********
2020-08-19 16:55:52 INFO  ResrAssuredAPI:16 - ************TC004_jsonresponse execution started*********
2020-08-19 16:55:52 INFO  ResrAssuredAPI:32 - ************TC004_jsonresponse execution Completed successfully*********
2020-08-19 16:55:52 INFO  ResrAssuredAPI:16 - ************TC001_GetRequest execution started*********
2020-08-19 16:55:52 INFO  ResrAssuredAPI:46 - ************TC001_GetRequest execution completed successfully*********
2020-08-19 16:55:52 INFO  ResrAssuredAPI:18 - ************TC003_HeaderResponse execution started*********
2020-08-19 16:55:53 INFO  ResrAssuredAPI:39 - ************TC003_HeaderResponse execution Complete successfully*********
2020-08-19 16:55:53 INFO  ResrAssuredAPI:24 - ************TC_DataDrivenAPI execution started*********
2020-08-19 16:55:53 INFO  ResrAssuredAPI:26 - Base URI declared
2020-08-19 16:55:53 INFO  ResrAssuredAPI:30 - Request Object declared
2020-08-19 16:55:54 INFO  ResrAssuredAPI:39 - Json request data added through excel
2020-08-19 16:55:54 INFO  ResrAssuredAPI:45 - Payload defined as JSON type body
2020-08-19 16:55:54 INFO  ResrAssuredAPI:49 - Post request send as response stored in Response object
2020-08-19 16:55:55 INFO  ResrAssuredAPI:55 - Validating the elements receied in response
2020-08-19 16:55:55 INFO  ResrAssuredAPI:63 - ************TC_DataDrivenAPI execution Completed successfully*********
2020-08-19 16:55:55 INFO  ResrAssuredAPI:39 - Json request data added through excel
2020-08-19 16:55:55 INFO  ResrAssuredAPI:45 - Payload defined as JSON type body
2020-08-19 16:55:55 INFO  ResrAssuredAPI:49 - Post request send as response stored in Response object
2020-08-19 16:55:56 INFO  ResrAssuredAPI:55 - Validating the elements receied in response
2020-08-19 16:55:56 INFO  ResrAssuredAPI:63 - ************TC_DataDrivenAPI execution Completed successfully*********
2020-08-19 16:55:56 INFO  ResrAssuredAPI:39 - Json request data added through excel
2020-08-19 16:55:56 INFO  ResrAssuredAPI:45 - Payload defined as JSON type body
2020-08-19 16:55:56 INFO  ResrAssuredAPI:49 - Post request send as response stored in Response object
2020-08-19 16:55:56 INFO  ResrAssuredAPI:55 - Validating the elements receied in response
2020-08-19 16:55:56 INFO  ResrAssuredAPI:63 - ************TC_DataDrivenAPI execution Completed successfully*********
2020-08-19 16:55:56 INFO  ResrAssuredAPI:39 - Json request data added through excel
2020-08-19 16:55:56 INFO  ResrAssuredAPI:45 - Payload defined as JSON type body
2020-08-19 16:55:56 INFO  ResrAssuredAPI:49 - Post request send as response stored in Response object
2020-08-19 16:55:57 INFO  ResrAssuredAPI:55 - Validating the elements receied in response
2020-08-19 16:55:57 INFO  ResrAssuredAPI:63 - ************TC_DataDrivenAPI execution Completed successfully*********
2020-08-19 16:55:57 INFO  ResrAssuredAPI:39 - Json request data added through excel
2020-08-19 16:55:57 INFO  ResrAssuredAPI:45 - Payload defined as JSON type body
2020-08-19 16:55:57 INFO  ResrAssuredAPI:49 - Post request send as response stored in Response object
2020-08-19 16:55:58 INFO  ResrAssuredAPI:55 - Validating the elements receied in response
2020-08-19 16:55:58 INFO  ResrAssuredAPI:63 - ************TC_DataDrivenAPI execution Completed successfully*********
2020-08-19 17:23:15 INFO  ResrAssuredAPI:20 - ************TC007_JsonFilePayload execution started*********
2020-08-19 17:23:20 INFO  ResrAssuredAPI:59 - ************TC007_JsonFilePayload execution Completed successfully*********
2020-08-19 17:23:20 INFO  ResrAssuredAPI:15 - ************TC006_Authorization execution started*********
2020-08-19 17:23:22 INFO  ResrAssuredAPI:42 - ************TC006_Authorization execution Completed successfully*********
2020-08-19 17:23:22 INFO  ResrAssuredAPI:16 - ************TC005_ExtractValues execution started*********
2020-08-19 17:23:23 INFO  ResrAssuredAPI:34 - ************TC005_ExtractValues execution Completed successfully*********
2020-08-19 17:23:23 INFO  ResrAssuredAPI:17 - ************TC002_PostRequest execution started*********
2020-08-19 17:23:24 INFO  ResrAssuredAPI:49 - ************TC002_PostRequest execution completed successfully*********
2020-08-19 17:23:24 INFO  ResrAssuredAPI:16 - ************TC004_jsonresponse execution started*********
2020-08-19 17:23:24 INFO  ResrAssuredAPI:32 - ************TC004_jsonresponse execution Completed successfully*********
2020-08-19 17:23:24 INFO  ResrAssuredAPI:16 - ************TC001_GetRequest execution started*********
2020-08-19 17:23:24 INFO  ResrAssuredAPI:46 - ************TC001_GetRequest execution completed successfully*********
2020-08-19 17:23:24 INFO  ResrAssuredAPI:18 - ************TC003_HeaderResponse execution started*********
2020-08-19 17:23:25 INFO  ResrAssuredAPI:39 - ************TC003_HeaderResponse execution Complete successfully*********
2020-08-19 17:23:25 INFO  ResrAssuredAPI:24 - ************TC_DataDrivenAPI execution started*********
2020-08-19 17:23:25 INFO  ResrAssuredAPI:26 - Base URI declared
2020-08-19 17:23:25 INFO  ResrAssuredAPI:30 - Request Object declared
2020-08-19 17:23:29 INFO  ResrAssuredAPI:39 - Json request data added through excel
2020-08-19 17:23:29 INFO  ResrAssuredAPI:45 - Payload defined as JSON type body
2020-08-19 17:23:29 INFO  ResrAssuredAPI:49 - Post request send as response stored in Response object
2020-08-19 17:23:30 INFO  ResrAssuredAPI:55 - Validating the elements receied in response
2020-08-19 17:23:30 INFO  ResrAssuredAPI:63 - ************TC_DataDrivenAPI execution Completed successfully*********
2020-08-19 17:23:30 INFO  ResrAssuredAPI:39 - Json request data added through excel
2020-08-19 17:23:30 INFO  ResrAssuredAPI:45 - Payload defined as JSON type body
2020-08-19 17:23:30 INFO  ResrAssuredAPI:49 - Post request send as response stored in Response object
2020-08-19 17:23:31 INFO  ResrAssuredAPI:55 - Validating the elements receied in response
2020-08-19 17:23:31 INFO  ResrAssuredAPI:63 - ************TC_DataDrivenAPI execution Completed successfully*********
2020-08-19 17:23:31 INFO  ResrAssuredAPI:39 - Json request data added through excel
2020-08-19 17:23:31 INFO  ResrAssuredAPI:45 - Payload defined as JSON type body
2020-08-19 17:23:31 INFO  ResrAssuredAPI:49 - Post request send as response stored in Response object
2020-08-19 17:23:31 INFO  ResrAssuredAPI:55 - Validating the elements receied in response
2020-08-19 17:23:31 INFO  ResrAssuredAPI:63 - ************TC_DataDrivenAPI execution Completed successfully*********
2020-08-19 17:23:31 INFO  ResrAssuredAPI:39 - Json request data added through excel
2020-08-19 17:23:31 INFO  ResrAssuredAPI:45 - Payload defined as JSON type body
2020-08-19 17:23:31 INFO  ResrAssuredAPI:49 - Post request send as response stored in Response object
2020-08-19 17:23:32 INFO  ResrAssuredAPI:55 - Validating the elements receied in response
2020-08-19 17:23:32 INFO  ResrAssuredAPI:63 - ************TC_DataDrivenAPI execution Completed successfully*********
2020-08-19 17:23:32 INFO  ResrAssuredAPI:39 - Json request data added through excel
2020-08-19 17:23:32 INFO  ResrAssuredAPI:45 - Payload defined as JSON type body
2020-08-19 17:23:32 INFO  ResrAssuredAPI:49 - Post request send as response stored in Response object
2020-08-19 17:23:33 INFO  ResrAssuredAPI:55 - Validating the elements receied in response
2020-08-19 17:23:33 INFO  ResrAssuredAPI:63 - ************TC_DataDrivenAPI execution Completed successfully*********
2020-08-19 17:39:05 INFO  ResrAssuredAPI:20 - ************TC007_JsonFilePayload execution started*********
2020-08-19 17:39:14 INFO  ResrAssuredAPI:59 - ************TC007_JsonFilePayload execution Completed successfully*********
2020-08-19 17:39:14 INFO  ResrAssuredAPI:15 - ************TC006_Authorization execution started*********
2020-08-19 17:39:15 INFO  ResrAssuredAPI:16 - ************TC005_ExtractValues execution started*********
2020-08-19 17:39:16 INFO  ResrAssuredAPI:34 - ************TC005_ExtractValues execution Completed successfully*********
2020-08-19 17:39:16 INFO  ResrAssuredAPI:17 - ************TC002_PostRequest execution started*********
2020-08-19 17:39:17 INFO  ResrAssuredAPI:49 - ************TC002_PostRequest execution completed successfully*********
2020-08-19 17:39:17 INFO  ResrAssuredAPI:16 - ************TC004_jsonresponse execution started*********
2020-08-19 17:39:17 INFO  ResrAssuredAPI:32 - ************TC004_jsonresponse execution Completed successfully*********
2020-08-19 17:39:17 INFO  ResrAssuredAPI:16 - ************TC001_GetRequest execution started*********
2020-08-19 17:39:18 INFO  ResrAssuredAPI:46 - ************TC001_GetRequest execution completed successfully*********
2020-08-19 17:39:18 INFO  ResrAssuredAPI:18 - ************TC003_HeaderResponse execution started*********
2020-08-19 17:39:18 INFO  ResrAssuredAPI:39 - ************TC003_HeaderResponse execution Complete successfully*********
2020-08-19 17:39:18 INFO  ResrAssuredAPI:24 - ************TC_DataDrivenAPI execution started*********
2020-08-19 17:39:18 INFO  ResrAssuredAPI:26 - Base URI declared
2020-08-19 17:39:18 INFO  ResrAssuredAPI:30 - Request Object declared
2020-08-19 17:39:20 INFO  ResrAssuredAPI:39 - Json request data added through excel
2020-08-19 17:39:20 INFO  ResrAssuredAPI:45 - Payload defined as JSON type body
2020-08-19 17:39:20 INFO  ResrAssuredAPI:49 - Post request send as response stored in Response object
2020-08-19 17:39:21 INFO  ResrAssuredAPI:55 - Validating the elements receied in response
2020-08-19 17:39:21 INFO  ResrAssuredAPI:63 - ************TC_DataDrivenAPI execution Completed successfully*********
2020-08-19 17:39:21 INFO  ResrAssuredAPI:39 - Json request data added through excel
2020-08-19 17:39:21 INFO  ResrAssuredAPI:45 - Payload defined as JSON type body
2020-08-19 17:39:21 INFO  ResrAssuredAPI:49 - Post request send as response stored in Response object
2020-08-19 17:39:22 INFO  ResrAssuredAPI:55 - Validating the elements receied in response
2020-08-19 17:39:22 INFO  ResrAssuredAPI:63 - ************TC_DataDrivenAPI execution Completed successfully*********
2020-08-19 17:39:22 INFO  ResrAssuredAPI:39 - Json request data added through excel
2020-08-19 17:39:22 INFO  ResrAssuredAPI:45 - Payload defined as JSON type body
2020-08-19 17:39:22 INFO  ResrAssuredAPI:49 - Post request send as response stored in Response object
2020-08-19 17:39:22 INFO  ResrAssuredAPI:55 - Validating the elements receied in response
2020-08-19 17:39:22 INFO  ResrAssuredAPI:63 - ************TC_DataDrivenAPI execution Completed successfully*********
2020-08-19 17:39:22 INFO  ResrAssuredAPI:39 - Json request data added through excel
2020-08-19 17:39:22 INFO  ResrAssuredAPI:45 - Payload defined as JSON type body
2020-08-19 17:39:22 INFO  ResrAssuredAPI:49 - Post request send as response stored in Response object
2020-08-19 17:39:23 INFO  ResrAssuredAPI:55 - Validating the elements receied in response
2020-08-19 17:39:23 INFO  ResrAssuredAPI:63 - ************TC_DataDrivenAPI execution Completed successfully*********
2020-08-19 17:39:23 INFO  ResrAssuredAPI:39 - Json request data added through excel
2020-08-19 17:39:23 INFO  ResrAssuredAPI:45 - Payload defined as JSON type body
2020-08-19 17:39:23 INFO  ResrAssuredAPI:49 - Post request send as response stored in Response object
2020-08-19 17:39:24 INFO  ResrAssuredAPI:55 - Validating the elements receied in response
2020-08-19 17:39:24 INFO  ResrAssuredAPI:63 - ************TC_DataDrivenAPI execution Completed successfully*********
2020-08-19 17:41:17 INFO  ResrAssuredAPI:20 - ************TC007_JsonFilePayload execution started*********
2020-08-19 17:41:23 INFO  ResrAssuredAPI:59 - ************TC007_JsonFilePayload execution Completed successfully*********
2020-08-19 17:41:23 INFO  ResrAssuredAPI:15 - ************TC006_Authorization execution started*********
2020-08-19 17:41:23 INFO  ResrAssuredAPI:16 - ************TC005_ExtractValues execution started*********
2020-08-19 17:41:24 INFO  ResrAssuredAPI:34 - ************TC005_ExtractValues execution Completed successfully*********
2020-08-19 17:41:24 INFO  ResrAssuredAPI:17 - ************TC002_PostRequest execution started*********
2020-08-19 17:41:24 INFO  ResrAssuredAPI:49 - ************TC002_PostRequest execution completed successfully*********
2020-08-19 17:41:24 INFO  ResrAssuredAPI:16 - ************TC004_jsonresponse execution started*********
2020-08-19 17:41:25 INFO  ResrAssuredAPI:32 - ************TC004_jsonresponse execution Completed successfully*********
2020-08-19 17:41:25 INFO  ResrAssuredAPI:16 - ************TC001_GetRequest execution started*********
2020-08-19 17:41:25 INFO  ResrAssuredAPI:46 - ************TC001_GetRequest execution completed successfully*********
2020-08-19 17:41:25 INFO  ResrAssuredAPI:18 - ************TC003_HeaderResponse execution started*********
2020-08-19 17:41:25 INFO  ResrAssuredAPI:39 - ************TC003_HeaderResponse execution Complete successfully*********
2020-08-19 17:41:25 INFO  ResrAssuredAPI:24 - ************TC_DataDrivenAPI execution started*********
2020-08-19 17:41:25 INFO  ResrAssuredAPI:26 - Base URI declared
2020-08-19 17:41:25 INFO  ResrAssuredAPI:30 - Request Object declared
2020-08-19 17:41:27 INFO  ResrAssuredAPI:39 - Json request data added through excel
2020-08-19 17:41:27 INFO  ResrAssuredAPI:45 - Payload defined as JSON type body
2020-08-19 17:41:27 INFO  ResrAssuredAPI:49 - Post request send as response stored in Response object
2020-08-19 17:41:28 INFO  ResrAssuredAPI:55 - Validating the elements receied in response
2020-08-19 17:41:28 INFO  ResrAssuredAPI:63 - ************TC_DataDrivenAPI execution Completed successfully*********
2020-08-19 17:41:28 INFO  ResrAssuredAPI:39 - Json request data added through excel
2020-08-19 17:41:28 INFO  ResrAssuredAPI:45 - Payload defined as JSON type body
2020-08-19 17:41:28 INFO  ResrAssuredAPI:49 - Post request send as response stored in Response object
2020-08-19 17:41:29 INFO  ResrAssuredAPI:55 - Validating the elements receied in response
2020-08-19 17:41:29 INFO  ResrAssuredAPI:63 - ************TC_DataDrivenAPI execution Completed successfully*********
2020-08-19 17:41:29 INFO  ResrAssuredAPI:39 - Json request data added through excel
2020-08-19 17:41:29 INFO  ResrAssuredAPI:45 - Payload defined as JSON type body
2020-08-19 17:41:29 INFO  ResrAssuredAPI:49 - Post request send as response stored in Response object
2020-08-19 17:41:29 INFO  ResrAssuredAPI:55 - Validating the elements receied in response
2020-08-19 17:41:29 INFO  ResrAssuredAPI:63 - ************TC_DataDrivenAPI execution Completed successfully*********
2020-08-19 17:41:29 INFO  ResrAssuredAPI:39 - Json request data added through excel
2020-08-19 17:41:29 INFO  ResrAssuredAPI:45 - Payload defined as JSON type body
2020-08-19 17:41:29 INFO  ResrAssuredAPI:49 - Post request send as response stored in Response object
2020-08-19 17:41:30 INFO  ResrAssuredAPI:55 - Validating the elements receied in response
2020-08-19 17:41:30 INFO  ResrAssuredAPI:63 - ************TC_DataDrivenAPI execution Completed successfully*********
2020-08-19 17:41:30 INFO  ResrAssuredAPI:39 - Json request data added through excel
2020-08-19 17:41:30 INFO  ResrAssuredAPI:45 - Payload defined as JSON type body
2020-08-19 17:41:30 INFO  ResrAssuredAPI:49 - Post request send as response stored in Response object
2020-08-19 17:41:31 INFO  ResrAssuredAPI:55 - Validating the elements receied in response
2020-08-19 17:41:31 INFO  ResrAssuredAPI:63 - ************TC_DataDrivenAPI execution Completed successfully*********
2020-08-19 22:00:02 INFO  ResrAssuredAPI:20 - ************TC007_JsonFilePayload execution started*********
2020-08-19 22:00:08 INFO  ResrAssuredAPI:59 - ************TC007_JsonFilePayload execution Completed successfully*********
2020-08-19 22:00:08 INFO  ResrAssuredAPI:15 - ************TC006_Authorization execution started*********
2020-08-19 22:00:09 INFO  ResrAssuredAPI:16 - ************TC005_ExtractValues execution started*********
2020-08-19 22:00:09 INFO  ResrAssuredAPI:34 - ************TC005_ExtractValues execution Completed successfully*********
2020-08-19 22:00:09 INFO  ResrAssuredAPI:17 - ************TC002_PostRequest execution started*********
2020-08-19 22:00:10 INFO  ResrAssuredAPI:49 - ************TC002_PostRequest execution completed successfully*********
2020-08-19 22:00:10 INFO  ResrAssuredAPI:16 - ************TC004_jsonresponse execution started*********
2020-08-19 22:00:10 INFO  ResrAssuredAPI:32 - ************TC004_jsonresponse execution Completed successfully*********
2020-08-19 22:00:10 INFO  ResrAssuredAPI:16 - ************TC001_GetRequest execution started*********
2020-08-19 22:00:11 INFO  ResrAssuredAPI:46 - ************TC001_GetRequest execution completed successfully*********
2020-08-19 22:00:11 INFO  ResrAssuredAPI:18 - ************TC003_HeaderResponse execution started*********
2020-08-19 22:00:11 INFO  ResrAssuredAPI:39 - ************TC003_HeaderResponse execution Complete successfully*********
2020-08-19 22:00:11 INFO  ResrAssuredAPI:24 - ************TC_DataDrivenAPI execution started*********
2020-08-19 22:00:11 INFO  ResrAssuredAPI:26 - Base URI declared
2020-08-19 22:00:11 INFO  ResrAssuredAPI:30 - Request Object declared
2020-08-19 22:00:16 INFO  ResrAssuredAPI:39 - Json request data added through excel
2020-08-19 22:00:16 INFO  ResrAssuredAPI:45 - Payload defined as JSON type body
2020-08-19 22:00:16 INFO  ResrAssuredAPI:49 - Post request send as response stored in Response object
2020-08-19 22:00:17 INFO  ResrAssuredAPI:55 - Validating the elements receied in response
2020-08-19 22:00:17 INFO  ResrAssuredAPI:63 - ************TC_DataDrivenAPI execution Completed successfully*********
2020-08-19 22:00:17 INFO  ResrAssuredAPI:39 - Json request data added through excel
2020-08-19 22:00:17 INFO  ResrAssuredAPI:45 - Payload defined as JSON type body
2020-08-19 22:00:17 INFO  ResrAssuredAPI:49 - Post request send as response stored in Response object
2020-08-19 22:00:18 INFO  ResrAssuredAPI:55 - Validating the elements receied in response
2020-08-19 22:00:18 INFO  ResrAssuredAPI:63 - ************TC_DataDrivenAPI execution Completed successfully*********
2020-08-19 22:00:18 INFO  ResrAssuredAPI:39 - Json request data added through excel
2020-08-19 22:00:18 INFO  ResrAssuredAPI:45 - Payload defined as JSON type body
2020-08-19 22:00:18 INFO  ResrAssuredAPI:49 - Post request send as response stored in Response object
2020-08-19 22:00:19 INFO  ResrAssuredAPI:55 - Validating the elements receied in response
2020-08-19 22:00:19 INFO  ResrAssuredAPI:63 - ************TC_DataDrivenAPI execution Completed successfully*********
2020-08-19 22:00:19 INFO  ResrAssuredAPI:39 - Json request data added through excel
2020-08-19 22:00:19 INFO  ResrAssuredAPI:45 - Payload defined as JSON type body
2020-08-19 22:00:19 INFO  ResrAssuredAPI:49 - Post request send as response stored in Response object
2020-08-19 22:00:19 INFO  ResrAssuredAPI:55 - Validating the elements receied in response
2020-08-19 22:00:19 INFO  ResrAssuredAPI:63 - ************TC_DataDrivenAPI execution Completed successfully*********
2020-08-19 22:00:19 INFO  ResrAssuredAPI:39 - Json request data added through excel
2020-08-19 22:00:19 INFO  ResrAssuredAPI:45 - Payload defined as JSON type body
2020-08-19 22:00:19 INFO  ResrAssuredAPI:49 - Post request send as response stored in Response object
2020-08-19 22:00:20 INFO  ResrAssuredAPI:55 - Validating the elements receied in response
2020-08-19 22:00:20 INFO  ResrAssuredAPI:63 - ************TC_DataDrivenAPI execution Completed successfully*********
2020-08-19 22:00:36 INFO  ResrAssuredAPI:20 - ************TC007_JsonFilePayload execution started*********
2020-08-19 22:00:42 INFO  ResrAssuredAPI:59 - ************TC007_JsonFilePayload execution Completed successfully*********
2020-08-19 22:00:42 INFO  ResrAssuredAPI:16 - ************TC005_ExtractValues execution started*********
2020-08-19 22:00:42 INFO  ResrAssuredAPI:34 - ************TC005_ExtractValues execution Completed successfully*********
2020-08-19 22:00:42 INFO  ResrAssuredAPI:17 - ************TC002_PostRequest execution started*********
2020-08-19 22:00:43 INFO  ResrAssuredAPI:49 - ************TC002_PostRequest execution completed successfully*********
2020-08-19 22:00:43 INFO  ResrAssuredAPI:16 - ************TC004_jsonresponse execution started*********
2020-08-19 22:00:43 INFO  ResrAssuredAPI:32 - ************TC004_jsonresponse execution Completed successfully*********
2020-08-19 22:00:43 INFO  ResrAssuredAPI:16 - ************TC001_GetRequest execution started*********
2020-08-19 22:00:43 INFO  ResrAssuredAPI:46 - ************TC001_GetRequest execution completed successfully*********
2020-08-19 22:00:43 INFO  ResrAssuredAPI:18 - ************TC003_HeaderResponse execution started*********
2020-08-19 22:00:44 INFO  ResrAssuredAPI:39 - ************TC003_HeaderResponse execution Complete successfully*********
2020-08-19 22:00:44 INFO  ResrAssuredAPI:24 - ************TC_DataDrivenAPI execution started*********
2020-08-19 22:00:44 INFO  ResrAssuredAPI:26 - Base URI declared
2020-08-19 22:00:44 INFO  ResrAssuredAPI:30 - Request Object declared
2020-08-19 22:00:45 INFO  ResrAssuredAPI:39 - Json request data added through excel
2020-08-19 22:00:45 INFO  ResrAssuredAPI:45 - Payload defined as JSON type body
2020-08-19 22:00:45 INFO  ResrAssuredAPI:49 - Post request send as response stored in Response object
2020-08-19 22:00:46 INFO  ResrAssuredAPI:55 - Validating the elements receied in response
2020-08-19 22:00:52 INFO  ResrAssuredAPI:63 - ************TC_DataDrivenAPI execution Completed successfully*********
2020-08-19 22:00:52 INFO  ResrAssuredAPI:39 - Json request data added through excel
2020-08-19 22:00:52 INFO  ResrAssuredAPI:45 - Payload defined as JSON type body
2020-08-19 22:00:52 INFO  ResrAssuredAPI:49 - Post request send as response stored in Response object
2020-08-19 22:00:53 INFO  ResrAssuredAPI:55 - Validating the elements receied in response
2020-08-19 22:00:53 INFO  ResrAssuredAPI:63 - ************TC_DataDrivenAPI execution Completed successfully*********
2020-08-19 22:00:53 INFO  ResrAssuredAPI:39 - Json request data added through excel
2020-08-19 22:00:53 INFO  ResrAssuredAPI:45 - Payload defined as JSON type body
2020-08-19 22:00:53 INFO  ResrAssuredAPI:49 - Post request send as response stored in Response object
2020-08-19 22:00:53 INFO  ResrAssuredAPI:55 - Validating the elements receied in response
2020-08-19 22:00:53 INFO  ResrAssuredAPI:63 - ************TC_DataDrivenAPI execution Completed successfully*********
2020-08-19 22:00:53 INFO  ResrAssuredAPI:39 - Json request data added through excel
2020-08-19 22:00:53 INFO  ResrAssuredAPI:45 - Payload defined as JSON type body
2020-08-19 22:00:53 INFO  ResrAssuredAPI:49 - Post request send as response stored in Response object
2020-08-19 22:00:54 INFO  ResrAssuredAPI:55 - Validating the elements receied in response
2020-08-19 22:00:54 INFO  ResrAssuredAPI:63 - ************TC_DataDrivenAPI execution Completed successfully*********
2020-08-19 22:00:54 INFO  ResrAssuredAPI:39 - Json request data added through excel
2020-08-19 22:00:54 INFO  ResrAssuredAPI:45 - Payload defined as JSON type body
2020-08-19 22:00:54 INFO  ResrAssuredAPI:49 - Post request send as response stored in Response object
2020-08-19 22:00:55 INFO  ResrAssuredAPI:55 - Validating the elements receied in response
2020-08-19 22:00:55 INFO  ResrAssuredAPI:63 - ************TC_DataDrivenAPI execution Completed successfully*********
2020-08-19 22:37:47 INFO  ResrAssuredAPI:20 - ************TC007_JsonFilePayload execution started*********
2020-08-19 22:37:53 INFO  ResrAssuredAPI:59 - ************TC007_JsonFilePayload execution Completed successfully*********
2020-08-19 22:37:53 INFO  ResrAssuredAPI:16 - ************TC005_ExtractValues execution started*********
2020-08-19 22:37:54 INFO  ResrAssuredAPI:34 - ************TC005_ExtractValues execution Completed successfully*********
2020-08-19 22:37:54 INFO  ResrAssuredAPI:17 - ************TC002_PostRequest execution started*********
2020-08-19 22:37:55 INFO  ResrAssuredAPI:49 - ************TC002_PostRequest execution completed successfully*********
2020-08-19 22:37:55 INFO  ResrAssuredAPI:16 - ************TC004_jsonresponse execution started*********
2020-08-19 22:37:55 INFO  ResrAssuredAPI:32 - ************TC004_jsonresponse execution Completed successfully*********
2020-08-19 22:37:55 INFO  ResrAssuredAPI:16 - ************TC001_GetRequest execution started*********
2020-08-19 22:37:55 INFO  ResrAssuredAPI:46 - ************TC001_GetRequest execution completed successfully*********
2020-08-19 22:37:55 INFO  ResrAssuredAPI:18 - ************TC003_HeaderResponse execution started*********
2020-08-19 22:37:56 INFO  ResrAssuredAPI:39 - ************TC003_HeaderResponse execution Complete successfully*********
2020-08-19 22:37:56 INFO  ResrAssuredAPI:24 - ************TC_DataDrivenAPI execution started*********
2020-08-19 22:37:56 INFO  ResrAssuredAPI:26 - Base URI declared
2020-08-19 22:37:56 INFO  ResrAssuredAPI:30 - Request Object declared
2020-08-19 22:37:57 INFO  ResrAssuredAPI:39 - Json request data added through excel
2020-08-19 22:37:57 INFO  ResrAssuredAPI:45 - Payload defined as JSON type body
2020-08-19 22:37:57 INFO  ResrAssuredAPI:49 - Post request send as response stored in Response object
2020-08-19 22:37:58 INFO  ResrAssuredAPI:55 - Validating the elements receied in response
2020-08-19 22:37:58 INFO  ResrAssuredAPI:63 - ************TC_DataDrivenAPI execution Completed successfully*********
2020-08-19 22:37:58 INFO  ResrAssuredAPI:39 - Json request data added through excel
2020-08-19 22:37:58 INFO  ResrAssuredAPI:45 - Payload defined as JSON type body
2020-08-19 22:37:58 INFO  ResrAssuredAPI:49 - Post request send as response stored in Response object
2020-08-19 22:37:59 INFO  ResrAssuredAPI:55 - Validating the elements receied in response
2020-08-19 22:37:59 INFO  ResrAssuredAPI:63 - ************TC_DataDrivenAPI execution Completed successfully*********
2020-08-19 22:37:59 INFO  ResrAssuredAPI:39 - Json request data added through excel
2020-08-19 22:37:59 INFO  ResrAssuredAPI:45 - Payload defined as JSON type body
2020-08-19 22:37:59 INFO  ResrAssuredAPI:49 - Post request send as response stored in Response object
2020-08-19 22:38:00 INFO  ResrAssuredAPI:55 - Validating the elements receied in response
2020-08-19 22:38:00 INFO  ResrAssuredAPI:63 - ************TC_DataDrivenAPI execution Completed successfully*********
2020-08-19 22:38:00 INFO  ResrAssuredAPI:39 - Json request data added through excel
2020-08-19 22:38:00 INFO  ResrAssuredAPI:45 - Payload defined as JSON type body
2020-08-19 22:38:00 INFO  ResrAssuredAPI:49 - Post request send as response stored in Response object
2020-08-19 22:38:00 INFO  ResrAssuredAPI:55 - Validating the elements receied in response
2020-08-19 22:38:00 INFO  ResrAssuredAPI:63 - ************TC_DataDrivenAPI execution Completed successfully*********
2020-08-19 22:38:00 INFO  ResrAssuredAPI:39 - Json request data added through excel
2020-08-19 22:38:00 INFO  ResrAssuredAPI:45 - Payload defined as JSON type body
2020-08-19 22:38:00 INFO  ResrAssuredAPI:49 - Post request send as response stored in Response object
2020-08-19 22:38:01 INFO  ResrAssuredAPI:55 - Validating the elements receied in response
2020-08-19 22:38:01 INFO  ResrAssuredAPI:63 - ************TC_DataDrivenAPI execution Completed successfully*********
2020-08-19 22:46:48 INFO  ResrAssuredAPI:20 - ************TC007_JsonFilePayload execution started*********
2020-08-19 22:46:54 INFO  ResrAssuredAPI:59 - ************TC007_JsonFilePayload execution Completed successfully*********
2020-08-19 22:49:23 INFO  ResrAssuredAPI:20 - ************TC007_JsonFilePayload execution started*********
2020-08-19 22:49:28 INFO  ResrAssuredAPI:59 - ************TC007_JsonFilePayload execution Completed successfully*********
2020-08-19 22:49:28 INFO  ResrAssuredAPI:16 - ************TC005_ExtractValues execution started*********
2020-08-19 22:49:29 INFO  ResrAssuredAPI:34 - ************TC005_ExtractValues execution Completed successfully*********
2020-08-19 22:49:29 INFO  ResrAssuredAPI:17 - ************TC002_PostRequest execution started*********
2020-08-19 22:49:29 INFO  ResrAssuredAPI:49 - ************TC002_PostRequest execution completed successfully*********
2020-08-19 22:49:29 INFO  ResrAssuredAPI:16 - ************TC004_jsonresponse execution started*********
2020-08-19 22:49:30 INFO  ResrAssuredAPI:32 - ************TC004_jsonresponse execution Completed successfully*********
2020-08-19 22:49:30 INFO  ResrAssuredAPI:16 - ************TC001_GetRequest execution started*********
2020-08-19 22:49:30 INFO  ResrAssuredAPI:46 - ************TC001_GetRequest execution completed successfully*********
2020-08-19 22:49:30 INFO  ResrAssuredAPI:18 - ************TC003_HeaderResponse execution started*********
2020-08-19 22:49:30 INFO  ResrAssuredAPI:39 - ************TC003_HeaderResponse execution Complete successfully*********
2020-08-19 22:49:30 INFO  ResrAssuredAPI:24 - ************TC_DataDrivenAPI execution started*********
2020-08-19 22:49:30 INFO  ResrAssuredAPI:26 - Base URI declared
2020-08-19 22:49:30 INFO  ResrAssuredAPI:30 - Request Object declared
2020-08-19 22:49:32 INFO  ResrAssuredAPI:39 - Json request data added through excel
2020-08-19 22:49:32 INFO  ResrAssuredAPI:45 - Payload defined as JSON type body
2020-08-19 22:49:32 INFO  ResrAssuredAPI:49 - Post request send as response stored in Response object
2020-08-19 22:49:32 INFO  ResrAssuredAPI:55 - Validating the elements receied in response
2020-08-19 22:49:32 INFO  ResrAssuredAPI:63 - ************TC_DataDrivenAPI execution Completed successfully*********
2020-08-19 22:49:32 INFO  ResrAssuredAPI:39 - Json request data added through excel
2020-08-19 22:49:32 INFO  ResrAssuredAPI:45 - Payload defined as JSON type body
2020-08-19 22:49:32 INFO  ResrAssuredAPI:49 - Post request send as response stored in Response object
2020-08-19 22:49:33 INFO  ResrAssuredAPI:55 - Validating the elements receied in response
2020-08-19 22:49:33 INFO  ResrAssuredAPI:63 - ************TC_DataDrivenAPI execution Completed successfully*********
2020-08-19 22:49:33 INFO  ResrAssuredAPI:39 - Json request data added through excel
2020-08-19 22:49:33 INFO  ResrAssuredAPI:45 - Payload defined as JSON type body
2020-08-19 22:49:33 INFO  ResrAssuredAPI:49 - Post request send as response stored in Response object
2020-08-19 22:49:34 INFO  ResrAssuredAPI:55 - Validating the elements receied in response
2020-08-19 22:49:34 INFO  ResrAssuredAPI:63 - ************TC_DataDrivenAPI execution Completed successfully*********
2020-08-19 22:49:34 INFO  ResrAssuredAPI:39 - Json request data added through excel
2020-08-19 22:49:34 INFO  ResrAssuredAPI:45 - Payload defined as JSON type body
2020-08-19 22:49:34 INFO  ResrAssuredAPI:49 - Post request send as response stored in Response object
2020-08-19 22:49:35 INFO  ResrAssuredAPI:55 - Validating the elements receied in response
2020-08-19 22:49:35 INFO  ResrAssuredAPI:63 - ************TC_DataDrivenAPI execution Completed successfully*********
2020-08-19 22:49:35 INFO  ResrAssuredAPI:39 - Json request data added through excel
2020-08-19 22:49:35 INFO  ResrAssuredAPI:45 - Payload defined as JSON type body
2020-08-19 22:49:35 INFO  ResrAssuredAPI:49 - Post request send as response stored in Response object
2020-08-19 22:49:35 INFO  ResrAssuredAPI:55 - Validating the elements receied in response
2020-08-19 22:49:35 INFO  ResrAssuredAPI:63 - ************TC_DataDrivenAPI execution Completed successfully*********
2020-08-19 22:53:43 INFO  ResrAssuredAPI:20 - ************TC007_JsonFilePayload execution started*********
2020-08-19 22:53:48 INFO  ResrAssuredAPI:59 - ************TC007_JsonFilePayload execution Completed successfully*********
2020-08-19 22:53:48 INFO  ResrAssuredAPI:15 - ************TC006_Authorization execution started*********
2020-08-19 22:53:49 INFO  ResrAssuredAPI:16 - ************TC005_ExtractValues execution started*********
2020-08-19 22:53:49 INFO  ResrAssuredAPI:34 - ************TC005_ExtractValues execution Completed successfully*********
2020-08-19 22:53:49 INFO  ResrAssuredAPI:17 - ************TC002_PostRequest execution started*********
2020-08-19 22:53:50 INFO  ResrAssuredAPI:49 - ************TC002_PostRequest execution completed successfully*********
2020-08-19 22:53:50 INFO  ResrAssuredAPI:16 - ************TC004_jsonresponse execution started*********
2020-08-19 22:53:50 INFO  ResrAssuredAPI:32 - ************TC004_jsonresponse execution Completed successfully*********
2020-08-19 22:53:50 INFO  ResrAssuredAPI:16 - ************TC001_GetRequest execution started*********
2020-08-19 22:53:50 INFO  ResrAssuredAPI:46 - ************TC001_GetRequest execution completed successfully*********
2020-08-19 22:53:50 INFO  ResrAssuredAPI:18 - ************TC003_HeaderResponse execution started*********
2020-08-19 22:53:51 INFO  ResrAssuredAPI:39 - ************TC003_HeaderResponse execution Complete successfully*********
2020-08-19 22:53:51 INFO  ResrAssuredAPI:24 - ************TC_DataDrivenAPI execution started*********
2020-08-19 22:53:51 INFO  ResrAssuredAPI:26 - Base URI declared
2020-08-19 22:53:51 INFO  ResrAssuredAPI:30 - Request Object declared
2020-08-19 22:53:52 INFO  ResrAssuredAPI:39 - Json request data added through excel
2020-08-19 22:53:52 INFO  ResrAssuredAPI:45 - Payload defined as JSON type body
2020-08-19 22:53:52 INFO  ResrAssuredAPI:49 - Post request send as response stored in Response object
2020-08-19 22:53:53 INFO  ResrAssuredAPI:55 - Validating the elements receied in response
2020-08-19 22:53:53 INFO  ResrAssuredAPI:63 - ************TC_DataDrivenAPI execution Completed successfully*********
2020-08-19 22:53:53 INFO  ResrAssuredAPI:39 - Json request data added through excel
2020-08-19 22:53:53 INFO  ResrAssuredAPI:45 - Payload defined as JSON type body
2020-08-19 22:53:53 INFO  ResrAssuredAPI:49 - Post request send as response stored in Response object
2020-08-19 22:53:54 INFO  ResrAssuredAPI:55 - Validating the elements receied in response
2020-08-19 22:53:54 INFO  ResrAssuredAPI:63 - ************TC_DataDrivenAPI execution Completed successfully*********
2020-08-19 22:53:54 INFO  ResrAssuredAPI:39 - Json request data added through excel
2020-08-19 22:53:54 INFO  ResrAssuredAPI:45 - Payload defined as JSON type body
2020-08-19 22:53:54 INFO  ResrAssuredAPI:49 - Post request send as response stored in Response object
2020-08-19 22:53:54 INFO  ResrAssuredAPI:55 - Validating the elements receied in response
2020-08-19 22:53:54 INFO  ResrAssuredAPI:63 - ************TC_DataDrivenAPI execution Completed successfully*********
2020-08-19 22:53:54 INFO  ResrAssuredAPI:39 - Json request data added through excel
2020-08-19 22:53:54 INFO  ResrAssuredAPI:45 - Payload defined as JSON type body
2020-08-19 22:53:54 INFO  ResrAssuredAPI:49 - Post request send as response stored in Response object
2020-08-19 22:53:55 INFO  ResrAssuredAPI:55 - Validating the elements receied in response
2020-08-19 22:53:55 INFO  ResrAssuredAPI:63 - ************TC_DataDrivenAPI execution Completed successfully*********
2020-08-19 22:53:55 INFO  ResrAssuredAPI:39 - Json request data added through excel
2020-08-19 22:53:55 INFO  ResrAssuredAPI:45 - Payload defined as JSON type body
2020-08-19 22:53:55 INFO  ResrAssuredAPI:49 - Post request send as response stored in Response object
2020-08-19 22:53:56 INFO  ResrAssuredAPI:55 - Validating the elements receied in response
2020-08-19 22:53:56 INFO  ResrAssuredAPI:63 - ************TC_DataDrivenAPI execution Completed successfully*********
2020-08-19 22:58:12 INFO  ResrAssuredAPI:20 - ************TC007_JsonFilePayload execution started*********
2020-08-19 22:58:17 INFO  ResrAssuredAPI:59 - ************TC007_JsonFilePayload execution Completed successfully*********
2020-08-19 22:58:17 INFO  ResrAssuredAPI:15 - ************TC006_Authorization execution started*********
2020-08-19 22:58:19 INFO  ResrAssuredAPI:16 - ************TC005_ExtractValues execution started*********
2020-08-19 22:58:19 INFO  ResrAssuredAPI:34 - ************TC005_ExtractValues execution Completed successfully*********
2020-08-19 22:58:19 INFO  ResrAssuredAPI:17 - ************TC002_PostRequest execution started*********
2020-08-19 22:58:20 INFO  ResrAssuredAPI:49 - ************TC002_PostRequest execution completed successfully*********
2020-08-19 22:58:20 INFO  ResrAssuredAPI:16 - ************TC004_jsonresponse execution started*********
2020-08-19 22:58:20 INFO  ResrAssuredAPI:32 - ************TC004_jsonresponse execution Completed successfully*********
2020-08-19 22:58:20 INFO  ResrAssuredAPI:16 - ************TC001_GetRequest execution started*********
2020-08-19 22:58:20 INFO  ResrAssuredAPI:46 - ************TC001_GetRequest execution completed successfully*********
2020-08-19 22:58:20 INFO  ResrAssuredAPI:18 - ************TC003_HeaderResponse execution started*********
2020-08-19 22:58:21 INFO  ResrAssuredAPI:39 - ************TC003_HeaderResponse execution Complete successfully*********
2020-08-19 22:58:21 INFO  ResrAssuredAPI:24 - ************TC_DataDrivenAPI execution started*********
2020-08-19 22:58:21 INFO  ResrAssuredAPI:26 - Base URI declared
2020-08-19 22:58:21 INFO  ResrAssuredAPI:30 - Request Object declared
2020-08-19 22:58:22 INFO  ResrAssuredAPI:39 - Json request data added through excel
2020-08-19 22:58:22 INFO  ResrAssuredAPI:45 - Payload defined as JSON type body
2020-08-19 22:58:22 INFO  ResrAssuredAPI:49 - Post request send as response stored in Response object
2020-08-19 22:58:23 INFO  ResrAssuredAPI:55 - Validating the elements receied in response
2020-08-19 22:58:23 INFO  ResrAssuredAPI:63 - ************TC_DataDrivenAPI execution Completed successfully*********
2020-08-19 22:58:23 INFO  ResrAssuredAPI:39 - Json request data added through excel
2020-08-19 22:58:23 INFO  ResrAssuredAPI:45 - Payload defined as JSON type body
2020-08-19 22:58:23 INFO  ResrAssuredAPI:49 - Post request send as response stored in Response object
2020-08-19 22:58:23 INFO  ResrAssuredAPI:55 - Validating the elements receied in response
2020-08-19 22:58:23 INFO  ResrAssuredAPI:63 - ************TC_DataDrivenAPI execution Completed successfully*********
2020-08-19 22:58:23 INFO  ResrAssuredAPI:39 - Json request data added through excel
2020-08-19 22:58:23 INFO  ResrAssuredAPI:45 - Payload defined as JSON type body
2020-08-19 22:58:23 INFO  ResrAssuredAPI:49 - Post request send as response stored in Response object
2020-08-19 22:58:24 INFO  ResrAssuredAPI:55 - Validating the elements receied in response
2020-08-19 22:58:24 INFO  ResrAssuredAPI:63 - ************TC_DataDrivenAPI execution Completed successfully*********
2020-08-19 22:58:24 INFO  ResrAssuredAPI:39 - Json request data added through excel
2020-08-19 22:58:24 INFO  ResrAssuredAPI:45 - Payload defined as JSON type body
2020-08-19 22:58:24 INFO  ResrAssuredAPI:49 - Post request send as response stored in Response object
2020-08-19 22:58:25 INFO  ResrAssuredAPI:55 - Validating the elements receied in response
2020-08-19 22:58:25 INFO  ResrAssuredAPI:63 - ************TC_DataDrivenAPI execution Completed successfully*********
2020-08-19 22:58:25 INFO  ResrAssuredAPI:39 - Json request data added through excel
2020-08-19 22:58:25 INFO  ResrAssuredAPI:45 - Payload defined as JSON type body
2020-08-19 22:58:25 INFO  ResrAssuredAPI:49 - Post request send as response stored in Response object
2020-08-19 22:58:26 INFO  ResrAssuredAPI:55 - Validating the elements receied in response
2020-08-19 22:58:26 INFO  ResrAssuredAPI:63 - ************TC_DataDrivenAPI execution Completed successfully*********
